<?xml version="1.0" encoding="UTF-8"?>
<testsuite name="com.intuit.home.entity.CurrencyTest" tests="3" skipped="0" failures="0" errors="0" timestamp="2021-02-28T06:49:51" hostname="oleg-vb-bionic" time="0.013">
  <properties/>
  <testcase name="getIsoName()" classname="com.intuit.home.entity.CurrencyTest" time="0.005"/>
  <testcase name="toString1()" classname="com.intuit.home.entity.CurrencyTest" time="0.003"/>
  <testcase name="getDescription()" classname="com.intuit.home.entity.CurrencyTest" time="0.002"/>
  <system-out><![CDATA[]]></system-out>
  <system-err><![CDATA[]]></system-err>
</testsuite>
