<?xml version="1.0" encoding="UTF-8"?>
<testsuite name="com.intuit.home.repository.PaymentRepositoryTest" tests="1" skipped="0" failures="0" errors="0" timestamp="2021-02-28T06:50:20" hostname="oleg-vb-bionic" time="0.079">
  <properties/>
  <testcase name="testNotNull()" classname="com.intuit.home.repository.PaymentRepositoryTest" time="0.079"/>
  <system-out><![CDATA[2021-02-28 08:50:20.497  INFO 2253 --- [    Test worker] b.t.a.o.j.DataJpaTestContextBootstrapper : Neither @ContextConfiguration nor @ContextHierarchy found for test class [com.intuit.home.repository.PaymentRepositoryTest], using SpringBootContextLoader
2021-02-28 08:50:20.498  INFO 2253 --- [    Test worker] o.s.t.c.s.AbstractContextLoader          : Could not detect default resource locations for test class [com.intuit.home.repository.PaymentRepositoryTest]: no resource found for suffixes {-context.xml, Context.groovy}.
2021-02-28 08:50:20.499  INFO 2253 --- [    Test worker] t.c.s.AnnotationConfigContextLoaderUtils : Could not detect default configuration classes for test class [com.intuit.home.repository.PaymentRepositoryTest]: PaymentRepositoryTest does not declare any static, non-private, non-final, nested classes annotated with @Configuration.
2021-02-28 08:50:20.506  INFO 2253 --- [    Test worker] .b.t.c.SpringBootTestContextBootstrapper : Found @SpringBootConfiguration com.intuit.home.RiskEngineMain for test class com.intuit.home.repository.PaymentRepositoryTest
2021-02-28 08:50:20.508  INFO 2253 --- [    Test worker] b.t.a.o.j.DataJpaTestContextBootstrapper : Loaded default TestExecutionListener class names from location [META-INF/spring.factories]: [org.springframework.boot.test.autoconfigure.restdocs.RestDocsTestExecutionListener, org.springframework.boot.test.autoconfigure.web.client.MockRestServiceServerResetTestExecutionListener, org.springframework.boot.test.autoconfigure.web.servlet.MockMvcPrintOnlyOnFailureTestExecutionListener, org.springframework.boot.test.autoconfigure.web.servlet.WebDriverTestExecutionListener, org.springframework.boot.test.autoconfigure.webservices.client.MockWebServiceServerTestExecutionListener, org.springframework.boot.test.mock.mockito.MockitoTestExecutionListener, org.springframework.boot.test.mock.mockito.ResetMocksTestExecutionListener, org.springframework.test.context.web.ServletTestExecutionListener, org.springframework.test.context.support.DirtiesContextBeforeModesTestExecutionListener, org.springframework.test.context.event.ApplicationEventsTestExecutionListener, org.springframework.test.context.support.DependencyInjectionTestExecutionListener, org.springframework.test.context.support.DirtiesContextTestExecutionListener, org.springframework.test.context.transaction.TransactionalTestExecutionListener, org.springframework.test.context.jdbc.SqlScriptsTestExecutionListener, org.springframework.test.context.event.EventPublishingTestExecutionListener]
2021-02-28 08:50:20.511  INFO 2253 --- [    Test worker] b.t.a.o.j.DataJpaTestContextBootstrapper : Using TestExecutionListeners: [org.springframework.test.context.web.ServletTestExecutionListener@2b96f6be, org.springframework.test.context.support.DirtiesContextBeforeModesTestExecutionListener@1e6a433b, org.springframework.test.context.event.ApplicationEventsTestExecutionListener@964f867, org.springframework.boot.test.mock.mockito.MockitoTestExecutionListener@6d9ce8e0, org.springframework.boot.test.autoconfigure.SpringBootDependencyInjectionTestExecutionListener@7123d0eb, org.springframework.test.context.support.DirtiesContextTestExecutionListener@3d9c366f, org.springframework.test.context.transaction.TransactionalTestExecutionListener@1395467b, org.springframework.test.context.jdbc.SqlScriptsTestExecutionListener@19447701, org.springframework.test.context.event.EventPublishingTestExecutionListener@768f584a, org.springframework.boot.test.autoconfigure.restdocs.RestDocsTestExecutionListener@2afc37ba, org.springframework.boot.test.autoconfigure.web.client.MockRestServiceServerResetTestExecutionListener@13e30a00, org.springframework.boot.test.autoconfigure.web.servlet.MockMvcPrintOnlyOnFailureTestExecutionListener@29259b02, org.springframework.boot.test.autoconfigure.web.servlet.WebDriverTestExecutionListener@2564cb64, org.springframework.boot.test.autoconfigure.webservices.client.MockWebServiceServerTestExecutionListener@6eee7995, org.springframework.boot.test.mock.mockito.ResetMocksTestExecutionListener@65d6cd42]
2021-02-28 08:50:20.557  INFO 2253 --- [    Test worker] o.s.t.c.t.TransactionContext             : Began transaction (1) for test context [DefaultTestContext@1392cb2a testClass = PaymentRepositoryTest, testInstance = com.intuit.home.repository.PaymentRepositoryTest@4be00f1f, testMethod = testNotNull@PaymentRepositoryTest, testException = [null], mergedContextConfiguration = [MergedContextConfiguration@74b86dca testClass = PaymentRepositoryTest, locations = '{}', classes = '{class com.intuit.home.RiskEngineMain}', contextInitializerClasses = '[]', activeProfiles = '{}', propertySourceLocations = '{}', propertySourceProperties = '{org.springframework.boot.test.autoconfigure.orm.jpa.DataJpaTestContextBootstrapper=true}', contextCustomizers = set[org.springframework.boot.test.autoconfigure.OverrideAutoConfigurationContextCustomizerFactory$DisableAutoConfigurationContextCustomizer@7d52699, org.springframework.boot.test.autoconfigure.actuate.metrics.MetricsExportContextCustomizerFactory$DisableMetricExportContextCustomizer@6ad5a611, org.springframework.boot.test.autoconfigure.filter.TypeExcludeFiltersContextCustomizer@351584c0, org.springframework.boot.test.autoconfigure.properties.PropertyMappingContextCustomizer@e5d42883, org.springframework.boot.test.autoconfigure.web.servlet.WebDriverContextCustomizerFactory$Customizer@1614f836, [ImportsContextCustomizer@42ef7bc0 key = [org.springframework.boot.autoconfigure.cache.CacheAutoConfiguration, org.springframework.boot.autoconfigure.data.jpa.JpaRepositoriesAutoConfiguration, org.springframework.boot.autoconfigure.flyway.FlywayAutoConfiguration, org.springframework.boot.autoconfigure.jdbc.DataSourceAutoConfiguration, org.springframework.boot.autoconfigure.jdbc.DataSourceTransactionManagerAutoConfiguration, org.springframework.boot.autoconfigure.jdbc.JdbcTemplateAutoConfiguration, org.springframework.boot.autoconfigure.liquibase.LiquibaseAutoConfiguration, org.springframework.boot.autoconfigure.orm.jpa.HibernateJpaAutoConfiguration, org.springframework.boot.autoconfigure.transaction.TransactionAutoConfiguration, org.springframework.boot.test.autoconfigure.jdbc.TestDatabaseAutoConfiguration, org.springframework.boot.test.autoconfigure.orm.jpa.TestEntityManagerAutoConfiguration]], org.springframework.boot.test.context.filter.ExcludeFilterContextCustomizer@151e21c1, org.springframework.boot.test.json.DuplicateJsonObjectContextCustomizerFactory$DuplicateJsonObjectContextCustomizer@766b889f, org.springframework.boot.test.mock.mockito.MockitoContextCustomizer@0, org.springframework.boot.test.context.SpringBootTestArgs@1, org.springframework.boot.test.context.SpringBootTestWebEnvironment@0], contextLoader = 'org.springframework.boot.test.context.SpringBootContextLoader', parent = [null]], attributes = map['org.springframework.test.context.event.ApplicationEventsTestExecutionListener.recordApplicationEvents' -> false]]; transaction manager [org.springframework.orm.jpa.JpaTransactionManager@5015c4f8]; rollback [true]
2021-02-28 08:50:20.595  INFO 2253 --- [    Test worker] o.s.t.c.t.TransactionContext             : Rolled back transaction for test: [DefaultTestContext@1392cb2a testClass = PaymentRepositoryTest, testInstance = com.intuit.home.repository.PaymentRepositoryTest@4be00f1f, testMethod = testNotNull@PaymentRepositoryTest, testException = [null], mergedContextConfiguration = [MergedContextConfiguration@74b86dca testClass = PaymentRepositoryTest, locations = '{}', classes = '{class com.intuit.home.RiskEngineMain}', contextInitializerClasses = '[]', activeProfiles = '{}', propertySourceLocations = '{}', propertySourceProperties = '{org.springframework.boot.test.autoconfigure.orm.jpa.DataJpaTestContextBootstrapper=true}', contextCustomizers = set[org.springframework.boot.test.autoconfigure.OverrideAutoConfigurationContextCustomizerFactory$DisableAutoConfigurationContextCustomizer@7d52699, org.springframework.boot.test.autoconfigure.actuate.metrics.MetricsExportContextCustomizerFactory$DisableMetricExportContextCustomizer@6ad5a611, org.springframework.boot.test.autoconfigure.filter.TypeExcludeFiltersContextCustomizer@351584c0, org.springframework.boot.test.autoconfigure.properties.PropertyMappingContextCustomizer@e5d42883, org.springframework.boot.test.autoconfigure.web.servlet.WebDriverContextCustomizerFactory$Customizer@1614f836, [ImportsContextCustomizer@42ef7bc0 key = [org.springframework.boot.autoconfigure.cache.CacheAutoConfiguration, org.springframework.boot.autoconfigure.data.jpa.JpaRepositoriesAutoConfiguration, org.springframework.boot.autoconfigure.flyway.FlywayAutoConfiguration, org.springframework.boot.autoconfigure.jdbc.DataSourceAutoConfiguration, org.springframework.boot.autoconfigure.jdbc.DataSourceTransactionManagerAutoConfiguration, org.springframework.boot.autoconfigure.jdbc.JdbcTemplateAutoConfiguration, org.springframework.boot.autoconfigure.liquibase.LiquibaseAutoConfiguration, org.springframework.boot.autoconfigure.orm.jpa.HibernateJpaAutoConfiguration, org.springframework.boot.autoconfigure.transaction.TransactionAutoConfiguration, org.springframework.boot.test.autoconfigure.jdbc.TestDatabaseAutoConfiguration, org.springframework.boot.test.autoconfigure.orm.jpa.TestEntityManagerAutoConfiguration]], org.springframework.boot.test.context.filter.ExcludeFilterContextCustomizer@151e21c1, org.springframework.boot.test.json.DuplicateJsonObjectContextCustomizerFactory$DuplicateJsonObjectContextCustomizer@766b889f, org.springframework.boot.test.mock.mockito.MockitoContextCustomizer@0, org.springframework.boot.test.context.SpringBootTestArgs@1, org.springframework.boot.test.context.SpringBootTestWebEnvironment@0], contextLoader = 'org.springframework.boot.test.context.SpringBootContextLoader', parent = [null]], attributes = map['org.springframework.test.context.event.ApplicationEventsTestExecutionListener.recordApplicationEvents' -> false]]
]]></system-out>
  <system-err><![CDATA[]]></system-err>
</testsuite>
