<?xml version="1.0" encoding="UTF-8"?>
<testsuite name="com.intuit.home.repository.PaymentRepositoryTest" tests="1" skipped="0" failures="0" errors="0" timestamp="2021-02-28T07:56:21" hostname="oleg-vb-bionic" time="0.098">
  <properties/>
  <testcase name="testNotNull()" classname="com.intuit.home.repository.PaymentRepositoryTest" time="0.098"/>
  <system-out><![CDATA[2021-02-28 09:56:21.695  INFO 15356 --- [    Test worker] b.t.a.o.j.DataJpaTestContextBootstrapper : Neither @ContextConfiguration nor @ContextHierarchy found for test class [com.intuit.home.repository.PaymentRepositoryTest], using SpringBootContextLoader
2021-02-28 09:56:21.697  INFO 15356 --- [    Test worker] o.s.t.c.s.AbstractContextLoader          : Could not detect default resource locations for test class [com.intuit.home.repository.PaymentRepositoryTest]: no resource found for suffixes {-context.xml, Context.groovy}.
2021-02-28 09:56:21.698  INFO 15356 --- [    Test worker] t.c.s.AnnotationConfigContextLoaderUtils : Could not detect default configuration classes for test class [com.intuit.home.repository.PaymentRepositoryTest]: PaymentRepositoryTest does not declare any static, non-private, non-final, nested classes annotated with @Configuration.
2021-02-28 09:56:21.706  INFO 15356 --- [    Test worker] .b.t.c.SpringBootTestContextBootstrapper : Found @SpringBootConfiguration com.intuit.home.RiskEngineMain for test class com.intuit.home.repository.PaymentRepositoryTest
2021-02-28 09:56:21.709  INFO 15356 --- [    Test worker] b.t.a.o.j.DataJpaTestContextBootstrapper : Loaded default TestExecutionListener class names from location [META-INF/spring.factories]: [org.springframework.boot.test.autoconfigure.restdocs.RestDocsTestExecutionListener, org.springframework.boot.test.autoconfigure.web.client.MockRestServiceServerResetTestExecutionListener, org.springframework.boot.test.autoconfigure.web.servlet.MockMvcPrintOnlyOnFailureTestExecutionListener, org.springframework.boot.test.autoconfigure.web.servlet.WebDriverTestExecutionListener, org.springframework.boot.test.autoconfigure.webservices.client.MockWebServiceServerTestExecutionListener, org.springframework.boot.test.mock.mockito.MockitoTestExecutionListener, org.springframework.boot.test.mock.mockito.ResetMocksTestExecutionListener, org.springframework.test.context.web.ServletTestExecutionListener, org.springframework.test.context.support.DirtiesContextBeforeModesTestExecutionListener, org.springframework.test.context.event.ApplicationEventsTestExecutionListener, org.springframework.test.context.support.DependencyInjectionTestExecutionListener, org.springframework.test.context.support.DirtiesContextTestExecutionListener, org.springframework.test.context.transaction.TransactionalTestExecutionListener, org.springframework.test.context.jdbc.SqlScriptsTestExecutionListener, org.springframework.test.context.event.EventPublishingTestExecutionListener]
2021-02-28 09:56:21.711  INFO 15356 --- [    Test worker] b.t.a.o.j.DataJpaTestContextBootstrapper : Using TestExecutionListeners: [org.springframework.test.context.web.ServletTestExecutionListener@62e6a72, org.springframework.test.context.support.DirtiesContextBeforeModesTestExecutionListener@62f113f3, org.springframework.test.context.event.ApplicationEventsTestExecutionListener@6fbd56af, org.springframework.boot.test.mock.mockito.MockitoTestExecutionListener@660fd9cf, org.springframework.boot.test.autoconfigure.SpringBootDependencyInjectionTestExecutionListener@13074286, org.springframework.test.context.support.DirtiesContextTestExecutionListener@7983b59e, org.springframework.test.context.transaction.TransactionalTestExecutionListener@7c8e9c2f, org.springframework.test.context.jdbc.SqlScriptsTestExecutionListener@64d7f3d0, org.springframework.test.context.event.EventPublishingTestExecutionListener@4d6d8ebe, org.springframework.boot.test.autoconfigure.restdocs.RestDocsTestExecutionListener@2926edc8, org.springframework.boot.test.autoconfigure.web.client.MockRestServiceServerResetTestExecutionListener@21416327, org.springframework.boot.test.autoconfigure.web.servlet.MockMvcPrintOnlyOnFailureTestExecutionListener@7a535dac, org.springframework.boot.test.autoconfigure.web.servlet.WebDriverTestExecutionListener@5b6a3426, org.springframework.boot.test.autoconfigure.webservices.client.MockWebServiceServerTestExecutionListener@453cda2e, org.springframework.boot.test.mock.mockito.ResetMocksTestExecutionListener@6f4ed1f5]
2021-02-28 09:56:21.775  INFO 15356 --- [    Test worker] o.s.t.c.t.TransactionContext             : Began transaction (1) for test context [DefaultTestContext@47a51c00 testClass = PaymentRepositoryTest, testInstance = com.intuit.home.repository.PaymentRepositoryTest@27e706e3, testMethod = testNotNull@PaymentRepositoryTest, testException = [null], mergedContextConfiguration = [MergedContextConfiguration@6abe4cea testClass = PaymentRepositoryTest, locations = '{}', classes = '{class com.intuit.home.RiskEngineMain}', contextInitializerClasses = '[]', activeProfiles = '{}', propertySourceLocations = '{}', propertySourceProperties = '{org.springframework.boot.test.autoconfigure.orm.jpa.DataJpaTestContextBootstrapper=true}', contextCustomizers = set[org.springframework.boot.test.autoconfigure.OverrideAutoConfigurationContextCustomizerFactory$DisableAutoConfigurationContextCustomizer@7f22b3e2, org.springframework.boot.test.autoconfigure.actuate.metrics.MetricsExportContextCustomizerFactory$DisableMetricExportContextCustomizer@111c5be7, org.springframework.boot.test.autoconfigure.filter.TypeExcludeFiltersContextCustomizer@351584c0, org.springframework.boot.test.autoconfigure.properties.PropertyMappingContextCustomizer@2e899673, org.springframework.boot.test.autoconfigure.web.servlet.WebDriverContextCustomizerFactory$Customizer@5224bcee, [ImportsContextCustomizer@60b57377 key = [org.springframework.boot.autoconfigure.cache.CacheAutoConfiguration, org.springframework.boot.autoconfigure.data.jpa.JpaRepositoriesAutoConfiguration, org.springframework.boot.autoconfigure.flyway.FlywayAutoConfiguration, org.springframework.boot.autoconfigure.jdbc.DataSourceAutoConfiguration, org.springframework.boot.autoconfigure.jdbc.DataSourceTransactionManagerAutoConfiguration, org.springframework.boot.autoconfigure.jdbc.JdbcTemplateAutoConfiguration, org.springframework.boot.autoconfigure.liquibase.LiquibaseAutoConfiguration, org.springframework.boot.autoconfigure.orm.jpa.HibernateJpaAutoConfiguration, org.springframework.boot.autoconfigure.transaction.TransactionAutoConfiguration, org.springframework.boot.test.autoconfigure.jdbc.TestDatabaseAutoConfiguration, org.springframework.boot.test.autoconfigure.orm.jpa.TestEntityManagerAutoConfiguration]], org.springframework.boot.test.context.filter.ExcludeFilterContextCustomizer@7d19f0cb, org.springframework.boot.test.json.DuplicateJsonObjectContextCustomizerFactory$DuplicateJsonObjectContextCustomizer@57ccce39, org.springframework.boot.test.mock.mockito.MockitoContextCustomizer@0, org.springframework.boot.test.context.SpringBootTestArgs@1, org.springframework.boot.test.context.SpringBootTestWebEnvironment@0], contextLoader = 'org.springframework.boot.test.context.SpringBootContextLoader', parent = [null]], attributes = map['org.springframework.test.context.event.ApplicationEventsTestExecutionListener.recordApplicationEvents' -> false]]; transaction manager [org.springframework.orm.jpa.JpaTransactionManager@622da4a2]; rollback [true]
2021-02-28 09:56:21.815  INFO 15356 --- [    Test worker] o.s.t.c.t.TransactionContext             : Rolled back transaction for test: [DefaultTestContext@47a51c00 testClass = PaymentRepositoryTest, testInstance = com.intuit.home.repository.PaymentRepositoryTest@27e706e3, testMethod = testNotNull@PaymentRepositoryTest, testException = [null], mergedContextConfiguration = [MergedContextConfiguration@6abe4cea testClass = PaymentRepositoryTest, locations = '{}', classes = '{class com.intuit.home.RiskEngineMain}', contextInitializerClasses = '[]', activeProfiles = '{}', propertySourceLocations = '{}', propertySourceProperties = '{org.springframework.boot.test.autoconfigure.orm.jpa.DataJpaTestContextBootstrapper=true}', contextCustomizers = set[org.springframework.boot.test.autoconfigure.OverrideAutoConfigurationContextCustomizerFactory$DisableAutoConfigurationContextCustomizer@7f22b3e2, org.springframework.boot.test.autoconfigure.actuate.metrics.MetricsExportContextCustomizerFactory$DisableMetricExportContextCustomizer@111c5be7, org.springframework.boot.test.autoconfigure.filter.TypeExcludeFiltersContextCustomizer@351584c0, org.springframework.boot.test.autoconfigure.properties.PropertyMappingContextCustomizer@2e899673, org.springframework.boot.test.autoconfigure.web.servlet.WebDriverContextCustomizerFactory$Customizer@5224bcee, [ImportsContextCustomizer@60b57377 key = [org.springframework.boot.autoconfigure.cache.CacheAutoConfiguration, org.springframework.boot.autoconfigure.data.jpa.JpaRepositoriesAutoConfiguration, org.springframework.boot.autoconfigure.flyway.FlywayAutoConfiguration, org.springframework.boot.autoconfigure.jdbc.DataSourceAutoConfiguration, org.springframework.boot.autoconfigure.jdbc.DataSourceTransactionManagerAutoConfiguration, org.springframework.boot.autoconfigure.jdbc.JdbcTemplateAutoConfiguration, org.springframework.boot.autoconfigure.liquibase.LiquibaseAutoConfiguration, org.springframework.boot.autoconfigure.orm.jpa.HibernateJpaAutoConfiguration, org.springframework.boot.autoconfigure.transaction.TransactionAutoConfiguration, org.springframework.boot.test.autoconfigure.jdbc.TestDatabaseAutoConfiguration, org.springframework.boot.test.autoconfigure.orm.jpa.TestEntityManagerAutoConfiguration]], org.springframework.boot.test.context.filter.ExcludeFilterContextCustomizer@7d19f0cb, org.springframework.boot.test.json.DuplicateJsonObjectContextCustomizerFactory$DuplicateJsonObjectContextCustomizer@57ccce39, org.springframework.boot.test.mock.mockito.MockitoContextCustomizer@0, org.springframework.boot.test.context.SpringBootTestArgs@1, org.springframework.boot.test.context.SpringBootTestWebEnvironment@0], contextLoader = 'org.springframework.boot.test.context.SpringBootContextLoader', parent = [null]], attributes = map['org.springframework.test.context.event.ApplicationEventsTestExecutionListener.recordApplicationEvents' -> false]]
]]></system-out>
  <system-err><![CDATA[]]></system-err>
</testsuite>
