<?xml version="1.0" encoding="UTF-8"?>
<testsuite name="com.intuit.home.config.KafkaConsumerConfigTest" tests="2" skipped="0" failures="0" errors="0" timestamp="2021-02-28T06:50:22" hostname="oleg-vb-bionic" time="0.155">
  <properties/>
  <testcase name="consumerFactory()" classname="com.intuit.home.config.KafkaConsumerConfigTest" time="0.15"/>
  <testcase name="kafkaListenerContainerFactory()" classname="com.intuit.home.config.KafkaConsumerConfigTest" time="0.003"/>
  <system-out><![CDATA[]]></system-out>
  <system-err><![CDATA[]]></system-err>
</testsuite>
