<?xml version="1.0" encoding="UTF-8"?>
<testsuite name="com.intuit.home.response.PaymentResponseTest" tests="8" skipped="0" failures="0" errors="0" timestamp="2021-02-28T07:56:23" hostname="oleg-vb-bionic" time="0.007">
  <properties/>
  <testcase name="getPaymentMethodId()" classname="com.intuit.home.response.PaymentResponseTest" time="0.0"/>
  <testcase name="getCurrencyId()" classname="com.intuit.home.response.PaymentResponseTest" time="0.0"/>
  <testcase name="getPaymentId()" classname="com.intuit.home.response.PaymentResponseTest" time="0.0"/>
  <testcase name="getPayeeId()" classname="com.intuit.home.response.PaymentResponseTest" time="0.0"/>
  <testcase name="getPayerId()" classname="com.intuit.home.response.PaymentResponseTest" time="0.0"/>
  <testcase name="getAmount()" classname="com.intuit.home.response.PaymentResponseTest" time="0.0"/>
  <testcase name="toString1()" classname="com.intuit.home.response.PaymentResponseTest" time="0.001"/>
  <testcase name="getSucceeded()" classname="com.intuit.home.response.PaymentResponseTest" time="0.0"/>
  <system-out><![CDATA[]]></system-out>
  <system-err><![CDATA[]]></system-err>
</testsuite>
