<?xml version="1.0" encoding="UTF-8"?>
<testsuite name="com.intuit.home.config.KafkaConsumerConfigTest" tests="2" skipped="0" failures="0" errors="0" timestamp="2021-02-28T07:56:23" hostname="oleg-vb-bionic" time="0.163">
  <properties/>
  <testcase name="consumerFactory()" classname="com.intuit.home.config.KafkaConsumerConfigTest" time="0.152"/>
  <testcase name="kafkaListenerContainerFactory()" classname="com.intuit.home.config.KafkaConsumerConfigTest" time="0.006"/>
  <system-out><![CDATA[]]></system-out>
  <system-err><![CDATA[]]></system-err>
</testsuite>
