<?xml version="1.0" encoding="UTF-8"?>
<testsuite name="com.intuit.home.request.PaymentRequestTest" tests="7" skipped="0" failures="0" errors="0" timestamp="2021-02-28T07:56:23" hostname="oleg-vb-bionic" time="0.022">
  <properties/>
  <testcase name="getPaymentMethodId()" classname="com.intuit.home.request.PaymentRequestTest" time="0.003"/>
  <testcase name="getCurrency()" classname="com.intuit.home.request.PaymentRequestTest" time="0.002"/>
  <testcase name="testToString()" classname="com.intuit.home.request.PaymentRequestTest" time="0.002"/>
  <testcase name="getPayeeId()" classname="com.intuit.home.request.PaymentRequestTest" time="0.0"/>
  <testcase name="getAmount()" classname="com.intuit.home.request.PaymentRequestTest" time="0.001"/>
  <testcase name="getUserId()" classname="com.intuit.home.request.PaymentRequestTest" time="0.0"/>
  <testcase name="testPojoToString()" classname="com.intuit.home.request.PaymentRequestTest" time="0.007"/>
  <system-out><![CDATA[{"amount":70.6,"currency":"CAD","userId":"ea4e6c49-aace-47e0-afd1-4e29f69bc1f2","payeeId":"efdc2386-c4fc-46ab-8a6e-4aa0887ad80a","paymentMethodId":"370ed834-f92e-4d6b-9506-09dd798d7d1d"}
]]></system-out>
  <system-err><![CDATA[]]></system-err>
</testsuite>
