<?xml version="1.0" encoding="UTF-8"?>
<testsuite name="com.intuit.home.repository.PaymentMethodRepositoryTest" tests="1" skipped="1" failures="0" errors="0" timestamp="2021-02-28T07:56:21" hostname="oleg-vb-bionic" time="0.001">
  <properties/>
  <testcase name="findByPayerId()" classname="com.intuit.home.repository.PaymentMethodRepositoryTest" time="0.001">
    <skipped/>
  </testcase>
  <system-out><![CDATA[2021-02-28 09:56:16.668  INFO 15356 --- [    Test worker] b.t.a.o.j.DataJpaTestContextBootstrapper : Neither @ContextConfiguration nor @ContextHierarchy found for test class [com.intuit.home.repository.PaymentMethodRepositoryTest], using SpringBootContextLoader
2021-02-28 09:56:16.672  INFO 15356 --- [    Test worker] o.s.t.c.s.AbstractContextLoader          : Could not detect default resource locations for test class [com.intuit.home.repository.PaymentMethodRepositoryTest]: no resource found for suffixes {-context.xml, Context.groovy}.
2021-02-28 09:56:16.675  INFO 15356 --- [    Test worker] t.c.s.AnnotationConfigContextLoaderUtils : Could not detect default configuration classes for test class [com.intuit.home.repository.PaymentMethodRepositoryTest]: PaymentMethodRepositoryTest does not declare any static, non-private, non-final, nested classes annotated with @Configuration.
2021-02-28 09:56:16.854  INFO 15356 --- [    Test worker] .b.t.c.SpringBootTestContextBootstrapper : Found @SpringBootConfiguration com.intuit.home.RiskEngineMain for test class com.intuit.home.repository.PaymentMethodRepositoryTest
2021-02-28 09:56:16.869  INFO 15356 --- [    Test worker] b.t.a.o.j.DataJpaTestContextBootstrapper : Loaded default TestExecutionListener class names from location [META-INF/spring.factories]: [org.springframework.boot.test.autoconfigure.restdocs.RestDocsTestExecutionListener, org.springframework.boot.test.autoconfigure.web.client.MockRestServiceServerResetTestExecutionListener, org.springframework.boot.test.autoconfigure.web.servlet.MockMvcPrintOnlyOnFailureTestExecutionListener, org.springframework.boot.test.autoconfigure.web.servlet.WebDriverTestExecutionListener, org.springframework.boot.test.autoconfigure.webservices.client.MockWebServiceServerTestExecutionListener, org.springframework.boot.test.mock.mockito.MockitoTestExecutionListener, org.springframework.boot.test.mock.mockito.ResetMocksTestExecutionListener, org.springframework.test.context.web.ServletTestExecutionListener, org.springframework.test.context.support.DirtiesContextBeforeModesTestExecutionListener, org.springframework.test.context.event.ApplicationEventsTestExecutionListener, org.springframework.test.context.support.DependencyInjectionTestExecutionListener, org.springframework.test.context.support.DirtiesContextTestExecutionListener, org.springframework.test.context.transaction.TransactionalTestExecutionListener, org.springframework.test.context.jdbc.SqlScriptsTestExecutionListener, org.springframework.test.context.event.EventPublishingTestExecutionListener]
2021-02-28 09:56:16.927  INFO 15356 --- [    Test worker] b.t.a.o.j.DataJpaTestContextBootstrapper : Using TestExecutionListeners: [org.springframework.test.context.web.ServletTestExecutionListener@1c5e6dbe, org.springframework.test.context.support.DirtiesContextBeforeModesTestExecutionListener@4f6b6af3, org.springframework.test.context.event.ApplicationEventsTestExecutionListener@14f0c517, org.springframework.boot.test.mock.mockito.MockitoTestExecutionListener@4e93561d, org.springframework.boot.test.autoconfigure.SpringBootDependencyInjectionTestExecutionListener@21cff1ec, org.springframework.test.context.support.DirtiesContextTestExecutionListener@35e73bd4, org.springframework.test.context.transaction.TransactionalTestExecutionListener@272d9802, org.springframework.test.context.jdbc.SqlScriptsTestExecutionListener@73da0144, org.springframework.test.context.event.EventPublishingTestExecutionListener@2dc4ce42, org.springframework.boot.test.autoconfigure.restdocs.RestDocsTestExecutionListener@21f179b5, org.springframework.boot.test.autoconfigure.web.client.MockRestServiceServerResetTestExecutionListener@6a570801, org.springframework.boot.test.autoconfigure.web.servlet.MockMvcPrintOnlyOnFailureTestExecutionListener@49a4e42e, org.springframework.boot.test.autoconfigure.web.servlet.WebDriverTestExecutionListener@42999586, org.springframework.boot.test.autoconfigure.webservices.client.MockWebServiceServerTestExecutionListener@688f70b1, org.springframework.boot.test.mock.mockito.ResetMocksTestExecutionListener@3aca6aa1]


#####  #  ####  #    #    ###### #    #  ####  # #    # ######
#    # # #      #   #     #      ##   # #    # # ##   # #
#    # #  ####  ####      #####  # #  # #      # # #  # #####
#####  #      # #  #      #      #  # # #  ### # #  # # #
#   #  # #    # #   #     #      #   ## #    # # #   ## #
#    # #  ####  #    #    ###### #    #  ####  # #    # ######


2021-02-28 09:56:17.141  INFO 15356 --- [    Test worker] c.i.h.r.PaymentMethodRepositoryTest      : Starting PaymentMethodRepositoryTest using Java 1.8.0_201 on oleg-vb-bionic with PID 15356 (started by oleg in /home/oleg/Downloads/intuit/riskengine)
2021-02-28 09:56:17.142 DEBUG 15356 --- [    Test worker] c.i.h.r.PaymentMethodRepositoryTest      : Running with Spring Boot v2.4.3, Spring v5.3.4
2021-02-28 09:56:17.149  INFO 15356 --- [    Test worker] c.i.h.r.PaymentMethodRepositoryTest      : No active profile set, falling back to default profiles: default
2021-02-28 09:56:17.392  INFO 15356 --- [    Test worker] .s.d.r.c.RepositoryConfigurationDelegate : Bootstrapping Spring Data JPA repositories in DEFAULT mode.
2021-02-28 09:56:17.468  INFO 15356 --- [    Test worker] .s.d.r.c.RepositoryConfigurationDelegate : Finished Spring Data repository scanning in 74 ms. Found 5 JPA repository interfaces.
2021-02-28 09:56:17.774  INFO 15356 --- [    Test worker] o.s.j.d.e.EmbeddedDatabaseFactory        : Starting embedded database: url='jdbc:h2:mem:b570acf6-85cc-4808-b590-d889fc64ee35;DB_CLOSE_DELAY=-1;DB_CLOSE_ON_EXIT=false', username='sa'
2021-02-28 09:56:18.838  INFO 15356 --- [ntainer#0-0-C-1] o.a.k.c.c.i.ConsumerCoordinator          : [Consumer clientId=consumer-payments_group-1, groupId=payments_group] Finished assignment for group at generation 53: {consumer-payments_group-1-e8b39897-8d7b-40b9-b0a0-00936a443795=Assignment(partitions=[payments-0])}
2021-02-28 09:56:18.874  INFO 15356 --- [ntainer#0-0-C-1] o.a.k.c.c.i.AbstractCoordinator          : [Consumer clientId=consumer-payments_group-1, groupId=payments_group] Successfully joined group with generation 53
2021-02-28 09:56:18.896  INFO 15356 --- [ntainer#0-0-C-1] o.a.k.c.c.i.ConsumerCoordinator          : [Consumer clientId=consumer-payments_group-1, groupId=payments_group] Notifying assignor about the new Assignment(partitions=[payments-0])
2021-02-28 09:56:18.943  INFO 15356 --- [ntainer#0-0-C-1] o.a.k.c.c.i.ConsumerCoordinator          : [Consumer clientId=consumer-payments_group-1, groupId=payments_group] Adding newly assigned partitions: payments-0
2021-02-28 09:56:19.018  INFO 15356 --- [ntainer#0-0-C-1] o.a.k.c.c.i.ConsumerCoordinator          : [Consumer clientId=consumer-payments_group-1, groupId=payments_group] Setting offset for partition payments-0 to the committed offset FetchPosition{offset=12, offsetEpoch=Optional.empty, currentLeader=LeaderAndEpoch{leader=Optional[172.17.0.2:9092 (id: 0 rack: null)], epoch=0}}
2021-02-28 09:56:19.043  INFO 15356 --- [ntainer#0-0-C-1] o.s.k.l.KafkaMessageListenerContainer    : payments_group: partitions assigned: [payments-0]
2021-02-28 09:56:20.835  INFO 15356 --- [    Test worker] o.h.j.i.u.LogHelper                      : HHH000204: Processing PersistenceUnitInfo [name: default]
2021-02-28 09:56:20.845  INFO 15356 --- [    Test worker] o.h.d.Dialect                            : HHH000400: Using dialect: org.hibernate.dialect.MySQL5Dialect
2021-02-28 09:56:21.222  INFO 15356 --- [    Test worker] o.h.e.t.j.p.i.JtaPlatformInitiator       : HHH000490: Using JtaPlatform implementation: [org.hibernate.engine.transaction.jta.platform.internal.NoJtaPlatform]
2021-02-28 09:56:21.224  INFO 15356 --- [    Test worker] j.LocalContainerEntityManagerFactoryBean : Initialized JPA EntityManagerFactory for persistence unit 'default'
2021-02-28 09:56:21.664  INFO 15356 --- [    Test worker] c.i.h.r.PaymentMethodRepositoryTest      : Started PaymentMethodRepositoryTest in 4.701 seconds (JVM running for 26.82)
]]></system-out>
  <system-err><![CDATA[]]></system-err>
</testsuite>
