<?xml version="1.0" encoding="UTF-8"?>
<testsuite name="com.intuit.home.RiskEngineMainTest" tests="1" skipped="0" failures="0" errors="0" timestamp="2021-02-28T06:49:51" hostname="oleg-vb-bionic" time="24.459">
  <properties/>
  <testcase name="main()" classname="com.intuit.home.RiskEngineMainTest" time="24.459"/>
  <system-out><![CDATA[

#####  #  ####  #    #    ###### #    #  ####  # #    # ######
#    # # #      #   #     #      ##   # #    # # ##   # #
#    # #  ####  ####      #####  # #  # #      # # #  # #####
#####  #      # #  #      #      #  # # #  ### # #  # # #
#   #  # #    # #   #     #      #   ## #    # # #   ## #
#    # #  ####  #    #    ###### #    #  ####  # #    # ######


2021-02-28 08:49:55.553  INFO 2253 --- [    Test worker] c.i.h.RiskEngineMain                     : Starting RiskEngineMain using Java 1.8.0_201 on oleg-vb-bionic with PID 2253 (started by oleg in /home/oleg/Downloads/intuit/riskengine)
2021-02-28 08:49:55.578 DEBUG 2253 --- [    Test worker] c.i.h.RiskEngineMain                     : Running with Spring Boot v2.4.3, Spring v5.3.4
2021-02-28 08:49:55.581  INFO 2253 --- [    Test worker] c.i.h.RiskEngineMain                     : No active profile set, falling back to default profiles: default
2021-02-28 08:50:01.101  INFO 2253 --- [    Test worker] .s.d.r.c.RepositoryConfigurationDelegate : Bootstrapping Spring Data JPA repositories in DEFAULT mode.
2021-02-28 08:50:01.590  INFO 2253 --- [    Test worker] .s.d.r.c.RepositoryConfigurationDelegate : Finished Spring Data repository scanning in 373 ms. Found 4 JPA repository interfaces.
2021-02-28 08:50:04.941  WARN 2253 --- [    Test worker] i.u.w.jsr                                : UT026010: Buffer pool was not set on WebSocketDeploymentInfo, the default pool will be used
2021-02-28 08:50:05.007  INFO 2253 --- [    Test worker] i.u.servlet                              : Initializing Spring embedded WebApplicationContext
2021-02-28 08:50:05.007  INFO 2253 --- [    Test worker] w.s.c.ServletWebServerApplicationContext : Root WebApplicationContext: initialization completed in 9202 ms
2021-02-28 08:50:05.386  INFO 2253 --- [    Test worker] c.z.h.HikariDataSource                   : HikariPool-1 - Starting...
2021-02-28 08:50:06.424  INFO 2253 --- [    Test worker] c.z.h.HikariDataSource                   : HikariPool-1 - Start completed.
2021-02-28 08:50:06.643  INFO 2253 --- [    Test worker] o.h.j.i.u.LogHelper                      : HHH000204: Processing PersistenceUnitInfo [name: default]
2021-02-28 08:50:06.822  INFO 2253 --- [    Test worker] o.h.Version                              : HHH000412: Hibernate ORM core version 5.4.28.Final
2021-02-28 08:50:07.322  INFO 2253 --- [    Test worker] o.h.a.c.Version                          : HCANN000001: Hibernate Commons Annotations {5.1.2.Final}
2021-02-28 08:50:07.730  INFO 2253 --- [    Test worker] o.h.d.Dialect                            : HHH000400: Using dialect: org.hibernate.dialect.MySQL5Dialect
2021-02-28 08:50:09.656  INFO 2253 --- [    Test worker] o.h.e.t.j.p.i.JtaPlatformInitiator       : HHH000490: Using JtaPlatform implementation: [org.hibernate.engine.transaction.jta.platform.internal.NoJtaPlatform]
2021-02-28 08:50:09.694  INFO 2253 --- [    Test worker] j.LocalContainerEntityManagerFactoryBean : Initialized JPA EntityManagerFactory for persistence unit 'default'
2021-02-28 08:50:11.311  WARN 2253 --- [    Test worker] JpaBaseConfiguration$JpaWebConfiguration : spring.jpa.open-in-view is enabled by default. Therefore, database queries may be performed during view rendering. Explicitly configure spring.jpa.open-in-view to disable this warning
2021-02-28 08:50:11.680  INFO 2253 --- [    Test worker] o.s.s.c.ThreadPoolTaskExecutor           : Initializing ExecutorService 'applicationTaskExecutor'
2021-02-28 08:50:14.975  INFO 2253 --- [    Test worker] o.a.k.c.c.ConsumerConfig                 : ConsumerConfig values: 
	allow.auto.create.topics = true
	auto.commit.interval.ms = 5000
	auto.offset.reset = earliest
	bootstrap.servers = [172.17.0.2:9092]
	check.crcs = true
	client.dns.lookup = use_all_dns_ips
	client.id = consumer-payments_group-1
	client.rack = 
	connections.max.idle.ms = 540000
	default.api.timeout.ms = 60000
	enable.auto.commit = false
	exclude.internal.topics = true
	fetch.max.bytes = 52428800
	fetch.max.wait.ms = 500
	fetch.min.bytes = 1
	group.id = payments_group
	group.instance.id = null
	heartbeat.interval.ms = 3000
	interceptor.classes = []
	internal.leave.group.on.close = true
	internal.throw.on.fetch.stable.offset.unsupported = false
	isolation.level = read_uncommitted
	key.deserializer = class org.apache.kafka.common.serialization.StringDeserializer
	max.partition.fetch.bytes = 1048576
	max.poll.interval.ms = 300000
	max.poll.records = 500
	metadata.max.age.ms = 300000
	metric.reporters = []
	metrics.num.samples = 2
	metrics.recording.level = INFO
	metrics.sample.window.ms = 30000
	partition.assignment.strategy = [class org.apache.kafka.clients.consumer.RangeAssignor]
	receive.buffer.bytes = 65536
	reconnect.backoff.max.ms = 1000
	reconnect.backoff.ms = 50
	request.timeout.ms = 30000
	retry.backoff.ms = 100
	sasl.client.callback.handler.class = null
	sasl.jaas.config = null
	sasl.kerberos.kinit.cmd = /usr/bin/kinit
	sasl.kerberos.min.time.before.relogin = 60000
	sasl.kerberos.service.name = null
	sasl.kerberos.ticket.renew.jitter = 0.05
	sasl.kerberos.ticket.renew.window.factor = 0.8
	sasl.login.callback.handler.class = null
	sasl.login.class = null
	sasl.login.refresh.buffer.seconds = 300
	sasl.login.refresh.min.period.seconds = 60
	sasl.login.refresh.window.factor = 0.8
	sasl.login.refresh.window.jitter = 0.05
	sasl.mechanism = GSSAPI
	security.protocol = PLAINTEXT
	security.providers = null
	send.buffer.bytes = 131072
	session.timeout.ms = 10000
	ssl.cipher.suites = null
	ssl.enabled.protocols = [TLSv1.2]
	ssl.endpoint.identification.algorithm = https
	ssl.engine.factory.class = null
	ssl.key.password = null
	ssl.keymanager.algorithm = SunX509
	ssl.keystore.location = null
	ssl.keystore.password = null
	ssl.keystore.type = JKS
	ssl.protocol = TLSv1.2
	ssl.provider = null
	ssl.secure.random.implementation = null
	ssl.trustmanager.algorithm = PKIX
	ssl.truststore.location = null
	ssl.truststore.password = null
	ssl.truststore.type = JKS
	value.deserializer = class org.apache.kafka.common.serialization.StringDeserializer

2021-02-28 08:50:15.233  INFO 2253 --- [    Test worker] o.a.k.c.u.AppInfoParser                  : Kafka version: 2.6.0
2021-02-28 08:50:15.233  INFO 2253 --- [    Test worker] o.a.k.c.u.AppInfoParser                  : Kafka commitId: 62abe01bee039651
2021-02-28 08:50:15.233  INFO 2253 --- [    Test worker] o.a.k.c.u.AppInfoParser                  : Kafka startTimeMs: 1614495015230
2021-02-28 08:50:15.241  INFO 2253 --- [    Test worker] o.a.k.c.c.KafkaConsumer                  : [Consumer clientId=consumer-payments_group-1, groupId=payments_group] Subscribed to topic(s): payments
2021-02-28 08:50:15.254  INFO 2253 --- [    Test worker] o.s.s.c.ThreadPoolTaskScheduler          : Initializing ExecutorService
2021-02-28 08:50:15.277  INFO 2253 --- [    Test worker] i.undertow                               : starting server: Undertow - 2.2.4.Final
2021-02-28 08:50:15.301  INFO 2253 --- [    Test worker] o.xnio                                   : XNIO version 3.8.0.Final
2021-02-28 08:50:15.324  INFO 2253 --- [    Test worker] o.x.nio                                  : XNIO NIO Implementation Version 3.8.0.Final
2021-02-28 08:50:15.450  INFO 2253 --- [    Test worker] o.j.threads                              : JBoss Threads version 3.1.0.Final
2021-02-28 08:50:15.595  INFO 2253 --- [    Test worker] o.s.b.w.e.u.UndertowWebServer            : Undertow started on port(s) 8181 (http)
2021-02-28 08:50:15.625  INFO 2253 --- [    Test worker] c.i.h.RiskEngineMain                     : Started RiskEngineMain in 21.906 seconds (JVM running for 32.405)
2021-02-28 08:50:15.632  INFO 2253 --- [    Test worker] c.i.h.RiskEngineMain                     : com.intuit.home.RiskEngineMain started.
]]></system-out>
  <system-err><![CDATA[]]></system-err>
</testsuite>
