<?xml version="1.0" encoding="UTF-8"?>
<testsuite name="com.intuit.home.entity.PayeeTest" tests="4" skipped="0" failures="0" errors="0" timestamp="2021-02-28T06:49:50" hostname="oleg-vb-bionic" time="0.289">
  <properties/>
  <testcase name="getFirstName()" classname="com.intuit.home.entity.PayeeTest" time="0.239"/>
  <testcase name="getPayeeId()" classname="com.intuit.home.entity.PayeeTest" time="0.013"/>
  <testcase name="getLastName()" classname="com.intuit.home.entity.PayeeTest" time="0.011"/>
  <testcase name="getEmail()" classname="com.intuit.home.entity.PayeeTest" time="0.013"/>
  <system-out><![CDATA[]]></system-out>
  <system-err><![CDATA[]]></system-err>
</testsuite>
