<?xml version="1.0" encoding="UTF-8"?>
<testsuite name="com.intuit.home.entity.PayeeTest" tests="4" skipped="0" failures="0" errors="0" timestamp="2021-02-28T07:55:57" hostname="oleg-vb-bionic" time="0.1">
  <properties/>
  <testcase name="getFirstName()" classname="com.intuit.home.entity.PayeeTest" time="0.089"/>
  <testcase name="getPayeeId()" classname="com.intuit.home.entity.PayeeTest" time="0.003"/>
  <testcase name="getLastName()" classname="com.intuit.home.entity.PayeeTest" time="0.002"/>
  <testcase name="getEmail()" classname="com.intuit.home.entity.PayeeTest" time="0.001"/>
  <system-out><![CDATA[]]></system-out>
  <system-err><![CDATA[]]></system-err>
</testsuite>
