<?xml version="1.0" encoding="UTF-8"?>
<testsuite name="com.intuit.home.request.PaymentRequestTest" tests="7" skipped="0" failures="0" errors="0" timestamp="2021-02-28T06:50:22" hostname="oleg-vb-bionic" time="0.013">
  <properties/>
  <testcase name="getPaymentMethodId()" classname="com.intuit.home.request.PaymentRequestTest" time="0.0"/>
  <testcase name="getCurrency()" classname="com.intuit.home.request.PaymentRequestTest" time="0.0"/>
  <testcase name="testToString()" classname="com.intuit.home.request.PaymentRequestTest" time="0.001"/>
  <testcase name="getPayeeId()" classname="com.intuit.home.request.PaymentRequestTest" time="0.001"/>
  <testcase name="getAmount()" classname="com.intuit.home.request.PaymentRequestTest" time="0.0"/>
  <testcase name="getUserId()" classname="com.intuit.home.request.PaymentRequestTest" time="0.0"/>
  <testcase name="testPojoToString()" classname="com.intuit.home.request.PaymentRequestTest" time="0.007"/>
  <system-out><![CDATA[{"amount":70.6,"currency":"CAD","userId":"3d6fb68e-aace-4ddf-9cdb-874ab49f01a0","payeeId":"696a3e45-131d-4d1e-9ee0-61d2fdc3c508","paymentMethodId":"37d750ab-d6b0-47d5-8cf3-32535afd5fa8"}
]]></system-out>
  <system-err><![CDATA[]]></system-err>
</testsuite>
