<?xml version="1.0" encoding="UTF-8"?>
<testsuite name="com.intuit.home.entity.PaymentTest" tests="8" skipped="0" failures="0" errors="0" timestamp="2021-02-28T06:49:51" hostname="oleg-vb-bionic" time="0.049">
  <properties/>
  <testcase name="getPaymentMethodId()" classname="com.intuit.home.entity.PaymentTest" time="0.005"/>
  <testcase name="getCurrencyId()" classname="com.intuit.home.entity.PaymentTest" time="0.004"/>
  <testcase name="getPaymentId()" classname="com.intuit.home.entity.PaymentTest" time="0.003"/>
  <testcase name="getPayeeId()" classname="com.intuit.home.entity.PaymentTest" time="0.001"/>
  <testcase name="getPayerId()" classname="com.intuit.home.entity.PaymentTest" time="0.003"/>
  <testcase name="getAmount()" classname="com.intuit.home.entity.PaymentTest" time="0.004"/>
  <testcase name="toString1()" classname="com.intuit.home.entity.PaymentTest" time="0.003"/>
  <testcase name="getSucceeded()" classname="com.intuit.home.entity.PaymentTest" time="0.002"/>
  <system-out><![CDATA[]]></system-out>
  <system-err><![CDATA[]]></system-err>
</testsuite>
