<?xml version="1.0" encoding="UTF-8"?>
<testsuite name="com.intuit.home.config.CommonPropertiesBeanTest" tests="4" skipped="0" failures="0" errors="0" timestamp="2021-02-28T12:32:24" hostname="oleg-vb-bionic" time="0.008">
  <properties/>
  <testcase name="getKafkaReplicationFactor()" classname="com.intuit.home.config.CommonPropertiesBeanTest" time="0.002"/>
  <testcase name="getKafkaPartitionAmount()" classname="com.intuit.home.config.CommonPropertiesBeanTest" time="0.001"/>
  <testcase name="getKafkaTopicName()" classname="com.intuit.home.config.CommonPropertiesBeanTest" time="0.001"/>
  <testcase name="getBootstrapAddress()" classname="com.intuit.home.config.CommonPropertiesBeanTest" time="0.001"/>
  <system-out><![CDATA[]]></system-out>
  <system-err><![CDATA[]]></system-err>
</testsuite>
