<?xml version="1.0" encoding="UTF-8"?>
<testsuite name="com.intuit.home.entity.PaymentMethodTypeTest" tests="3" skipped="0" failures="0" errors="0" timestamp="2021-02-28T12:32:20" hostname="oleg-vb-bionic" time="0.004">
  <properties/>
  <testcase name="getPaymentMethodTypeId()" classname="com.intuit.home.entity.PaymentMethodTypeTest" time="0.001"/>
  <testcase name="getType()" classname="com.intuit.home.entity.PaymentMethodTypeTest" time="0.001"/>
  <testcase name="toString1()" classname="com.intuit.home.entity.PaymentMethodTypeTest" time="0.0"/>
  <system-out><![CDATA[]]></system-out>
  <system-err><![CDATA[]]></system-err>
</testsuite>
