<?xml version="1.0" encoding="UTF-8"?>
<testsuite name="com.intuit.home.config.RequestLoggingFilterConfigTest" tests="1" skipped="0" failures="0" errors="0" timestamp="2021-02-28T12:32:25" hostname="oleg-vb-bionic" time="0.023">
  <properties/>
  <testcase name="logFilter()" classname="com.intuit.home.config.RequestLoggingFilterConfigTest" time="0.023"/>
  <system-out><![CDATA[]]></system-out>
  <system-err><![CDATA[]]></system-err>
</testsuite>
