<?xml version="1.0" encoding="UTF-8"?>
<testsuite name="com.intuit.home.request.PaymentRequestTest" tests="7" skipped="0" failures="0" errors="0" timestamp="2021-02-28T12:32:40" hostname="oleg-vb-bionic" time="0.017">
  <properties/>
  <testcase name="getPaymentMethodId()" classname="com.intuit.home.request.PaymentRequestTest" time="0.001"/>
  <testcase name="getCurrency()" classname="com.intuit.home.request.PaymentRequestTest" time="0.001"/>
  <testcase name="testToString()" classname="com.intuit.home.request.PaymentRequestTest" time="0.001"/>
  <testcase name="getPayeeId()" classname="com.intuit.home.request.PaymentRequestTest" time="0.001"/>
  <testcase name="getAmount()" classname="com.intuit.home.request.PaymentRequestTest" time="0.0"/>
  <testcase name="getUserId()" classname="com.intuit.home.request.PaymentRequestTest" time="0.001"/>
  <testcase name="testPojoToString()" classname="com.intuit.home.request.PaymentRequestTest" time="0.007"/>
  <system-out><![CDATA[{"amount":70.6,"currency":"CAD","userId":"81d0ce8a-9dfb-4a3b-9bfd-7f1458671534","payeeId":"51b2e575-4e75-4089-9e2c-ac6c37aa88c2","paymentMethodId":"29962747-059d-45e4-acaf-a494d0a5e829"}
]]></system-out>
  <system-err><![CDATA[]]></system-err>
</testsuite>
