<?xml version="1.0" encoding="UTF-8"?>
<testsuite name="com.intuit.home.config.KafkaProducerConfigTest" tests="2" skipped="0" failures="0" errors="0" timestamp="2021-02-28T12:32:24" hostname="oleg-vb-bionic" time="0.912">
  <properties/>
  <testcase name="producerFactory()" classname="com.intuit.home.config.KafkaProducerConfigTest" time="0.512"/>
  <testcase name="kafkaTemplate()" classname="com.intuit.home.config.KafkaProducerConfigTest" time="0.399"/>
  <system-out><![CDATA[]]></system-out>
  <system-err><![CDATA[]]></system-err>
</testsuite>
