<?xml version="1.0" encoding="UTF-8"?>
<testsuite name="com.intuit.home.entity.PayeeTest" tests="5" skipped="0" failures="0" errors="0" timestamp="2021-02-28T12:32:20" hostname="oleg-vb-bionic" time="0.079">
  <properties/>
  <testcase name="getFirstName()" classname="com.intuit.home.entity.PayeeTest" time="0.068"/>
  <testcase name="getPayeeId()" classname="com.intuit.home.entity.PayeeTest" time="0.002"/>
  <testcase name="getLastName()" classname="com.intuit.home.entity.PayeeTest" time="0.001"/>
  <testcase name="toString1()" classname="com.intuit.home.entity.PayeeTest" time="0.003"/>
  <testcase name="getEmail()" classname="com.intuit.home.entity.PayeeTest" time="0.002"/>
  <system-out><![CDATA[]]></system-out>
  <system-err><![CDATA[]]></system-err>
</testsuite>
