<?xml version="1.0" encoding="UTF-8"?>
<testsuite name="com.intuit.home.service.PaymentSystemDAOTest" tests="2" skipped="0" failures="0" errors="0" timestamp="2021-02-28T12:32:22" hostname="oleg-vb-bionic" time="2.392">
  <properties/>
  <testcase name="getPaymentMethods()" classname="com.intuit.home.service.PaymentSystemDAOTest" time="2.375"/>
  <testcase name="getPayees()" classname="com.intuit.home.service.PaymentSystemDAOTest" time="0.007"/>
  <system-out><![CDATA[]]></system-out>
  <system-err><![CDATA[]]></system-err>
</testsuite>
